<?xml version="1.0" encoding="UTF-8"?>
<!-- Generated by org.testng.reporters.JUnitXMLReporter -->
<testsuite hostname="DESKTOP-1L8TQ95" ignored="0" name="Default test" tests="6" failures="0" timestamp="2021-02-01T18:16:02 IST" time="2.881" errors="0">
  <testcase name="@BeforeMethod setup" time="0.016" classname="data_provider.dataprovider">
    <failure type="java.lang.NullPointerException">
      <![CDATA[java.lang.NullPointerException
at data_provider.dataprovider.setup(dataprovider.java:27)
at sun.reflect.NativeMethodAccessorImpl.invoke0(Native Method)
at sun.reflect.NativeMethodAccessorImpl.invoke(Unknown Source)
at sun.reflect.DelegatingMethodAccessorImpl.invoke(Unknown Source)
at java.lang.reflect.Method.invoke(Unknown Source)
at org.testng.internal.MethodInvocationHelper.invokeMethod(MethodInvocationHelper.java:132)
at org.testng.internal.MethodInvocationHelper.invokeMethodConsideringTimeout(MethodInvocationHelper.java:61)
at org.testng.internal.ConfigInvoker.invokeConfigurationMethod(ConfigInvoker.java:366)
at org.testng.internal.ConfigInvoker.invokeConfigurations(ConfigInvoker.java:320)
at org.testng.internal.TestInvoker.runConfigMethods(TestInvoker.java:701)
at org.testng.internal.TestInvoker.invokeMethod(TestInvoker.java:527)
at org.testng.internal.TestInvoker.invokeTestMethod(TestInvoker.java:174)
at org.testng.internal.MethodRunner.runInSequence(MethodRunner.java:46)
at org.testng.internal.TestInvoker$MethodInvocationAgent.invoke(TestInvoker.java:822)
at org.testng.internal.TestInvoker.invokeTestMethods(TestInvoker.java:147)
at org.testng.internal.TestMethodWorker.invokeTestMethods(TestMethodWorker.java:146)
at org.testng.internal.TestMethodWorker.run(TestMethodWorker.java:128)
at java.util.ArrayList.forEach(Unknown Source)
at org.testng.TestRunner.privateRun(TestRunner.java:764)
at org.testng.TestRunner.run(TestRunner.java:585)
at org.testng.SuiteRunner.runTest(SuiteRunner.java:384)
at org.testng.SuiteRunner.runSequentially(SuiteRunner.java:378)
at org.testng.SuiteRunner.privateRun(SuiteRunner.java:337)
at org.testng.SuiteRunner.run(SuiteRunner.java:286)
at org.testng.SuiteRunnerWorker.runSuite(SuiteRunnerWorker.java:53)
at org.testng.SuiteRunnerWorker.run(SuiteRunnerWorker.java:96)
at org.testng.TestNG.runSuitesSequentially(TestNG.java:1218)
at org.testng.TestNG.runSuitesLocally(TestNG.java:1140)
at org.testng.TestNG.runSuites(TestNG.java:1069)
at org.testng.TestNG.run(TestNG.java:1037)
at org.testng.remote.AbstractRemoteTestNG.run(AbstractRemoteTestNG.java:115)
at org.testng.remote.RemoteTestNG.initAndRun(RemoteTestNG.java:251)
at org.testng.remote.RemoteTestNG.main(RemoteTestNG.java:77)
]]>
    </failure>
  </testcase> <!-- @BeforeMethod setup -->
  <testcase name="@AfterMethod Teardown" time="-1.612183562102E9" classname="data_provider.dataprovider">
    <skipped/>
  </testcase> <!-- @AfterMethod Teardown -->
  <testcase name="@BeforeMethod setup" time="-1.612183562115E9" classname="data_provider.dataprovider">
    <skipped/>
  </testcase> <!-- @BeforeMethod setup -->
  <testcase name="@AfterMethod Teardown" time="-1.612183562223E9" classname="data_provider.dataprovider">
    <skipped/>
  </testcase> <!-- @AfterMethod Teardown -->
  <testcase name="@BeforeMethod setup" time="-1.612183562234E9" classname="data_provider.dataprovider">
    <skipped/>
  </testcase> <!-- @BeforeMethod setup -->
  <testcase name="@AfterMethod Teardown" time="-1.612183562256E9" classname="data_provider.dataprovider">
    <skipped/>
  </testcase> <!-- @AfterMethod Teardown -->
  <testcase name="@BeforeMethod setup" time="-1.61218356227E9" classname="data_provider.dataprovider">
    <skipped/>
  </testcase> <!-- @BeforeMethod setup -->
  <testcase name="@AfterMethod Teardown" time="-1.612183562294E9" classname="data_provider.dataprovider">
    <skipped/>
  </testcase> <!-- @AfterMethod Teardown -->
  <testcase name="@BeforeMethod setup" time="-1.612183562304E9" classname="data_provider.dataprovider">
    <skipped/>
  </testcase> <!-- @BeforeMethod setup -->
  <testcase name="@AfterMethod Teardown" time="-1.612183562319E9" classname="data_provider.dataprovider">
    <skipped/>
  </testcase> <!-- @AfterMethod Teardown -->
  <testcase name="@BeforeMethod setup" time="-1.612183562326E9" classname="data_provider.dataprovider">
    <skipped/>
  </testcase> <!-- @BeforeMethod setup -->
  <testcase name="@AfterMethod Teardown" time="-1.612183562348E9" classname="data_provider.dataprovider">
    <skipped/>
  </testcase> <!-- @AfterMethod Teardown -->
  <testcase name="exceltest" time="0.0" classname="data_provider.dataprovider">
    <skipped/>
  </testcase> <!-- exceltest -->
  <testcase name="exceltest" time="0.0" classname="data_provider.dataprovider">
    <skipped/>
  </testcase> <!-- exceltest -->
  <testcase name="exceltest" time="0.0" classname="data_provider.dataprovider">
    <skipped/>
  </testcase> <!-- exceltest -->
  <testcase name="exceltest" time="0.0" classname="data_provider.dataprovider">
    <skipped/>
  </testcase> <!-- exceltest -->
  <testcase name="exceltest" time="0.0" classname="data_provider.dataprovider">
    <skipped/>
  </testcase> <!-- exceltest -->
  <testcase name="exceltest" time="0.0" classname="data_provider.dataprovider">
    <skipped/>
  </testcase> <!-- exceltest -->
</testsuite> <!-- Default test -->
